DEB [20160922-23:07:28.423] thr=1   paramiko.transport: starting thread (client mode): 0x690721d0
DEB [20160922-23:07:28.424] thr=1   paramiko.transport: Local version/idstring: SSH-2.0-paramiko_2.0.2
DEB [20160922-23:07:28.461] thr=1   paramiko.transport: Remote version/idstring: SSH-2.0-OpenSSH_7.2p2 Ubuntu-4
INF [20160922-23:07:28.461] thr=1   paramiko.transport: Connected (version 2.0, client OpenSSH_7.2p2)
DEB [20160922-23:07:28.462] thr=1   paramiko.transport: kex algos:['curve25519-sha256@libssh.org', 'ecdh-sha2-nistp256', 'ecdh-sha2-nistp384', 'ecdh-sha2-nistp521', 'diffie-hellman-group-exchange-sha256', 'diffie-hellman-group14-sha1'] server key:['ssh-rsa', 'rsa-sha2-512', 'rsa-sha2-256', 'ecdsa-sha2-nistp256', 'ssh-ed25519'] client encrypt:['chacha20-poly1305@openssh.com', 'aes128-ctr', 'aes192-ctr', 'aes256-ctr', 'aes128-gcm@openssh.com', 'aes256-gcm@openssh.com'] server encrypt:['chacha20-poly1305@openssh.com', 'aes128-ctr', 'aes192-ctr', 'aes256-ctr', 'aes128-gcm@openssh.com', 'aes256-gcm@openssh.com'] client mac:['umac-64-etm@openssh.com', 'umac-128-etm@openssh.com', 'hmac-sha2-256-etm@openssh.com', 'hmac-sha2-512-etm@openssh.com', 'hmac-sha1-etm@openssh.com', 'umac-64@openssh.com', 'umac-128@openssh.com', 'hmac-sha2-256', 'hmac-sha2-512', 'hmac-sha1'] server mac:['umac-64-etm@openssh.com', 'umac-128-etm@openssh.com', 'hmac-sha2-256-etm@openssh.com', 'hmac-sha2-512-etm@openssh.com', 'hmac-sha1-etm@openssh.com', 'umac-64@openssh.com', 'umac-128@openssh.com', 'hmac-sha2-256', 'hmac-sha2-512', 'hmac-sha1'] client compress:['none', 'zlib@openssh.com'] server compress:['none', 'zlib@openssh.com'] client lang:[''] server lang:[''] kex follows?False
DEB [20160922-23:07:28.462] thr=1   paramiko.transport: Kex agreed: diffie-hellman-group14-sha1
DEB [20160922-23:07:28.463] thr=1   paramiko.transport: Cipher agreed: aes128-ctr
DEB [20160922-23:07:28.463] thr=1   paramiko.transport: MAC agreed: hmac-sha2-256
DEB [20160922-23:07:28.463] thr=1   paramiko.transport: Compression agreed: none
DEB [20160922-23:07:28.552] thr=1   paramiko.transport: kex engine KexGroup14 specified hash_algo <built-in function openssl_sha1>
DEB [20160922-23:07:28.553] thr=1   paramiko.transport: Switch to new keys ...
DEB [20160922-23:07:28.554] thr=2   paramiko.transport: Adding ssh-rsa host key for 192.168.1.102: b'140bd8f81e259c905d74c07518fb1a5f'
DEB [20160922-23:07:28.564] thr=2   paramiko.transport: Trying discovered key b'd846e6ecea8e3be42c51f90bc5026088' in C:\Users\Administrator/.ssh/id_rsa
DEB [20160922-23:07:28.590] thr=1   paramiko.transport: userauth is OK
INF [20160922-23:07:28.596] thr=1   paramiko.transport: Authentication (publickey) failed.
DEB [20160922-23:07:28.596] thr=1   paramiko.transport: userauth is OK
INF [20160922-23:07:28.603] thr=1   paramiko.transport: Authentication (password) successful!
DEB [20160922-23:07:28.604] thr=2   paramiko.transport: [chan 0] Max packet in: 32768 bytes
DEB [20160922-23:07:28.738] thr=1   paramiko.transport: Received global request "hostkeys-00@openssh.com"
DEB [20160922-23:07:28.738] thr=1   paramiko.transport: Rejecting "hostkeys-00@openssh.com" global request from server.
DEB [20160922-23:07:28.788] thr=1   paramiko.transport: [chan 0] Max packet out: 32768 bytes
DEB [20160922-23:07:28.788] thr=1   paramiko.transport: Secsh channel 0 opened.
DEB [20160922-23:07:28.790] thr=1   paramiko.transport: [chan 0] Sesch channel 0 request ok
DEB [20160922-23:07:28.798] thr=1   paramiko.transport: [chan 0] EOF received (0)
